[16:47:27] [ServerMain/ERROR]: Failed to load properties from file: server.properties
java.nio.file.NoSuchFileException: server.properties
	at java.base/sun.nio.fs.UnixException.translateToIOException(UnixException.java:92) ~[?:?]
	at java.base/sun.nio.fs.UnixException.rethrowAsIOException(UnixException.java:106) ~[?:?]
	at java.base/sun.nio.fs.UnixException.rethrowAsIOException(UnixException.java:111) ~[?:?]
	at java.base/sun.nio.fs.UnixFileSystemProvider.newByteChannel(UnixFileSystemProvider.java:261) ~[?:?]
	at java.base/java.nio.file.Files.newByteChannel(Files.java:380) ~[?:?]
	at java.base/java.nio.file.Files.newByteChannel(Files.java:432) ~[?:?]
	at java.base/java.nio.file.spi.FileSystemProvider.newInputStream(FileSystemProvider.java:420) ~[?:?]
	at java.base/java.nio.file.Files.newInputStream(Files.java:160) ~[?:?]
	at apr.b(SourceFile:62) ~[server-1.21.1.jar:?]
	at apo.a(SourceFile:141) ~[server-1.21.1.jar:?]
	at app.<init>(SourceFile:12) ~[server-1.21.1.jar:?]
	at net.minecraft.server.Main.main(SourceFile:114) ~[server-1.21.1.jar:?]
	at net.minecraft.bundler.Main.lambda$run$0(Main.java:54) ~[?:?]
	at java.base/java.lang.Thread.run(Thread.java:1583) [?:?]
[16:47:27] [ServerMain/INFO]: Environment: Environment[sessionHost=https://sessionserver.mojang.com, servicesHost=https://api.minecraftservices.com, name=PROD]
[16:47:29] [ServerMain/INFO]: No existing world data, creating new world
[16:47:30] [ServerMain/INFO]: Loaded 1290 recipes
[16:47:30] [ServerMain/INFO]: Loaded 1399 advancements
[16:47:31] [Server thread/INFO]: Starting minecraft server version 1.21.1
[16:47:31] [Server thread/INFO]: Loading properties
[16:47:31] [Server thread/INFO]: Default game type: SURVIVAL
[16:47:31] [Server thread/INFO]: Generating keypair
[16:47:31] [Server thread/INFO]: Starting Minecraft server on *:25565
[16:47:31] [Server thread/INFO]: Using epoll channel type
[16:47:31] [Server thread/INFO]: Preparing level "world"
[16:47:44] [Server thread/INFO]: Preparing start region for dimension minecraft:overworld
[16:47:44] [Worker-Main-2/INFO]: Preparing spawn area: 2%
[16:47:45] [Worker-Main-2/INFO]: Preparing spawn area: 2%
[16:47:45] [Worker-Main-2/INFO]: Preparing spawn area: 2%
[16:47:45] [Worker-Main-2/INFO]: Preparing spawn area: 2%
[16:47:46] [Worker-Main-2/INFO]: Preparing spawn area: 2%
[16:47:46] [Worker-Main-2/INFO]: Preparing spawn area: 2%
[16:47:47] [Worker-Main-2/INFO]: Preparing spawn area: 2%
[16:47:47] [Worker-Main-2/INFO]: Preparing spawn area: 2%
[16:47:48] [Worker-Main-2/INFO]: Preparing spawn area: 2%
[16:47:48] [Worker-Main-2/INFO]: Preparing spawn area: 2%
[16:47:49] [Worker-Main-2/INFO]: Preparing spawn area: 2%
[16:47:50] [Worker-Main-2/INFO]: Preparing spawn area: 2%
[16:47:50] [Worker-Main-2/INFO]: Preparing spawn area: 2%
[16:47:50] [Worker-Main-2/INFO]: Preparing spawn area: 2%
[16:47:51] [Worker-Main-2/INFO]: Preparing spawn area: 2%
[16:47:51] [Worker-Main-2/INFO]: Preparing spawn area: 2%
[16:47:52] [Worker-Main-2/INFO]: Preparing spawn area: 2%
[16:47:52] [Worker-Main-2/INFO]: Preparing spawn area: 2%
[16:47:53] [Worker-Main-2/INFO]: Preparing spawn area: 2%
[16:47:53] [Worker-Main-2/INFO]: Preparing spawn area: 2%
[16:47:54] [Worker-Main-2/INFO]: Preparing spawn area: 2%
[16:47:54] [Worker-Main-2/INFO]: Preparing spawn area: 2%
[16:47:55] [Server thread/INFO]: Time elapsed: 10984 ms
[16:47:55] [Server thread/INFO]: Done (23.614s)! For help, type "help"
[16:48:35] [Server thread/INFO]: Stopping the server
[16:48:35] [Server thread/INFO]: Stopping server
[16:48:35] [Server thread/INFO]: Saving players
[16:48:35] [Server thread/INFO]: Saving worlds
[16:48:36] [Server thread/INFO]: Saving chunks for level 'ServerLevel[world]'/minecraft:overworld
[16:48:36] [Server thread/INFO]: Saving chunks for level 'ServerLevel[world]'/minecraft:the_end
[16:48:36] [Server thread/INFO]: Saving chunks for level 'ServerLevel[world]'/minecraft:the_nether
[16:48:36] [Server thread/INFO]: ThreadedAnvilChunkStorage (world): All chunks are saved
[16:48:36] [Server thread/INFO]: ThreadedAnvilChunkStorage (DIM1): All chunks are saved
[16:48:36] [Server thread/INFO]: ThreadedAnvilChunkStorage (DIM-1): All chunks are saved
[16:48:36] [Server thread/INFO]: ThreadedAnvilChunkStorage: All dimensions are saved
